Started by user [8mha:////4JL354wXY7amv/33gm8q9UVLGm6L+xFIzvJT0Kgym8bXAAAAnR+LCAAAAAAAAP9b85aBtbiIQTGjNKU4P08vOT+vOD8nVc83PyU1x6OyILUoJzMv2y+/JJUBAhiZGBgqihhk0NSjKDWzXb3RdlLBUSYGJk8GtpzUvPSSDB8G5tKinBIGIZ+sxLJE/ZzEvHT94JKizLx0a6BxUmjGOUNodHsLgAxWoBn6pcWpRfqJKbmZeVmpedmZecUAZz5zcscAAAA=[0mAdmin
Running as SYSTEM
Building in workspace /opt/jenkins/.jenkins/workspace/simple-automated
No credentials specified
 > /usr/bin/git rev-parse --is-inside-work-tree # timeout=10
Fetching changes from the remote Git repository
 > /usr/bin/git config remote.origin.url https://github.com/MNT-Lab/build-principals # timeout=10
Fetching upstream changes from https://github.com/MNT-Lab/build-principals
 > /usr/bin/git --version # timeout=10
 > /usr/bin/git fetch --tags --progress https://github.com/MNT-Lab/build-principals +refs/heads/*:refs/remotes/origin/*
 > /usr/bin/git rev-parse refs/remotes/origin/nshynkevich^{commit} # timeout=10
 > /usr/bin/git rev-parse refs/remotes/origin/origin/nshynkevich^{commit} # timeout=10
Checking out Revision 62ea0b21faee63f753bd6173167a9f30ce117b72 (refs/remotes/origin/nshynkevich)
 > /usr/bin/git config core.sparsecheckout # timeout=10
 > /usr/bin/git checkout -f 62ea0b21faee63f753bd6173167a9f30ce117b72
Commit message: "tst;"
 > /usr/bin/git rev-list --no-walk 62ea0b21faee63f753bd6173167a9f30ce117b72 # timeout=10
[Gradle] - Launching build.
[home-task] $ /opt/gradle/bin/gradle buiild -b build.gradle
Starting a Gradle Daemon (subsequent builds will be faster)
The Task.leftShift(Closure) method has been deprecated and is scheduled to be removed in Gradle 5.0. Please use Task.doLast(Action) instead.
	at build_40u0eov6g9dki306v7dds0xxh.run(/opt/jenkins/.jenkins/workspace/simple-automated/home-task/build.gradle:26)

FAILURE: Build failed with an exception.

* What went wrong:
Task 'buiild' not found in root project 'home-task'. Some candidates are: 'build', 'mybuild'.

* Try:
Run gradle tasks to get a list of available tasks. Run with --stacktrace option to get the stack trace. Run with --info or --debug option to get more log output.

[8mha:////4JQ9Tve+xU6W4zu7n/nr/NQ/r05UCpcoVRVFpiUMWaT8AAAAYx+LCAAAAAAAAP9b85aBtbiIQT2jNKU4P0+vIKc0PTOvWC+9KDElJ1XPHUz5l5Yk5+em+uWXpNbNmqZ4mHPZIiYGhooiBimoruT8vOJ8oHJnCA1SyAABjCCFBQBI197DZQAAAA==[0mBUILD FAILED

Total time: 3.368 secs
Build step 'Invoke Gradle script' changed build result to FAILURE
Build step 'Invoke Gradle script' marked build as failure
Archiving artifacts
Recording test results
ERROR: Step â€˜Publish JUnit test result reportâ€™ failed: Test reports were found but none of them are new. Did leafNodes run? 
For example, /opt/jenkins/.jenkins/workspace/simple-automated/home-task/build/test-results/test/TEST-com.test.UnitTest.xml is 1 min 58 sec old

[parameterized-trigger] Downstream builds will not be triggered as no parameter is set.
Finished: FAILURE
